<?xml version="1.0" encoding="UTF-8"?>
<!-- Generated by org.testng.reporters.JUnitReportReporter -->
<testsuite skipped="0" hostname="Dhavals-MacBook-Pro.local" name="testngClasses.Test2" tests="2" failures="0" timestamp="08 Feb 2021 02:24:35 GMT" time="9.180" errors="0">
  <testcase name="input" time="3.387" classname="testngClasses.Test2"/>
  <testcase name="enter" time="5.793" classname="testngClasses.Test2"/>
</testsuite> <!-- testngClasses.Test2 -->
