<?xml version="1.0" encoding="UTF-8"?>
<!-- Generated by org.testng.reporters.JUnitReportReporter -->
<testsuite skipped="0" hostname="Dhavals-MacBook-Pro.local" name="testngClasses.Test1" tests="1" failures="0" timestamp="08 Feb 2021 18:27:44 GMT" time="20.123" errors="0">
  <testcase name="input" time="20.123" classname="testngClasses.Test1"/>
</testsuite> <!-- testngClasses.Test1 -->
